<?xml version="1.0" encoding="UTF-8"?>
<testsuite name="Run On CHROME"
           tests="4"
           failures="0"
           errors="0"
           skipped="0"
           time="110.277">
  <properties />
  
  
            <testcase name="TC_01_Create_Product_Without_Input" time="23.529" classname="Mykiot.adminCreateProduct" />
                <testcase name="TC_02_Create_Product_Input_Only_Product_Name" time="23.819" classname="Mykiot.adminCreateProduct" />
                <testcase name="TC_04_Create_Product_With_Variant" time="31.823" classname="Mykiot.adminCreateProduct" />
                <testcase name="TC_03_Create_Product_Without_Variant" time="31.106" classname="Mykiot.adminCreateProduct" />
      
</testsuite>
